[8376:5832:0706/114732:INFO:AppRunner.cpp(619)] Begin run process geeplayer
[8376:5832:0706/114732:INFO:AppRunner.cpp(623)] ProductName is GeePlayer1
[8376:5832:0706/114732:INFO:AppRunner.cpp(662)] apppluginbase version is 4.3.4.80
[8376:5832:0706/114732:INFO:UIlib.cpp(192)] quilib: version is 4.3.4.78
[8376:5832:0706/114732:INFO:serviceManager.cpp(687)] mainprocessisrunning key is set as 1
[8376:5832:0706/114732:INFO:serviceManager.cpp(800)] create local service plugin PluginServerStatePlugin
[8376:5832:0706/114732:INFO:serviceManager.cpp(857)] plugin PluginServerStatePlugin DoPluginInit
[8376:5832:0706/114732:INFO:serviceManager.cpp(1523)] repository parse over
[8376:5832:0706/114732:INFO:UIManager.cpp(372)] quilib:call set resouce path, path is c:\program files (x86)\iqiyi video\geeplayer\2.5.38.3449\skin
[8376:5832:0706/114732:INFO:UIDlgBuilder.cpp(407)] quilib:create root control failed
[8376:5832:0706/114732:INFO:UIDlgBuilder.cpp(407)] quilib:create root control failed
[8376:5832:0706/114732:INFO:UIDlgBuilder.cpp(407)] quilib:create root control failed
[8376:5832:0706/114732:INFO:UIDlgBuilder.cpp(407)] quilib:create root control failed
[8376:5832:0706/114732:INFO:UIDlgBuilder.cpp(407)] quilib:create root control failed
[8376:5832:0706/114732:INFO:UIDlgBuilder.cpp(407)] quilib:create root control failed
[8376:5832:0706/114734:INFO:AppRunner.cpp(715)] loop exit geeplayer call main plugin DestoryPluginEntry
[8376:5832:0706/114734:INFO:IPlugin.cpp(117)] real plugin mainPlugin call DestroyPlugin
[8376:5832:0706/114734:INFO:IPlugin.cpp(374)] destruct plugin mainPlugin
[8376:5832:0706/114734:INFO:serviceManager.cpp(1608)] mainPlugin plugin had destroy by DestructPlugin
[8376:5832:0706/114734:INFO:serviceManager.cpp(2532)] DestructManager begin
[8376:5832:0706/114734:INFO:IPlugin.cpp(374)] destruct plugin PluginServerStatePlugin
[8376:5832:0706/114734:INFO:IPlugin.cpp(286)] real plugin PluginServerStatePlugin call DestroyPlugin
[8376:5832:0706/114734:INFO:serviceManager.cpp(1608)] PluginServerStatePlugin plugin had destroy by DestructPlugin
[8376:5832:0706/114735:INFO:serviceManager.cpp(2408)] DeleteLeftPlugins begin
[8376:5832:0706/114735:INFO:serviceManager.cpp(2470)] DeleteLeftPlugins end
[8376:5832:0706/114735:INFO:serviceManager.cpp(687)] mainprocessisrunning key is set as 0
[8376:5832:0706/114735:INFO:AppRunner.cpp(730)] close mutex of process geeplayer
[8376:5832:0706/114735:INFO:AppRunner.cpp(738)] run process geeplayer end
[11072:2488:0709/112704:INFO:AppRunner.cpp(619)] Begin run process geeplayer
[11072:2488:0709/112704:INFO:AppRunner.cpp(623)] ProductName is GeePlayer1
[11072:2488:0709/112704:INFO:AppRunner.cpp(662)] apppluginbase version is 4.3.4.80
[11072:2488:0709/112704:INFO:UIlib.cpp(192)] quilib: version is 4.3.4.78
[11072:2488:0709/112704:INFO:serviceManager.cpp(687)] mainprocessisrunning key is set as 1
[11072:2488:0709/112704:INFO:serviceManager.cpp(800)] create local service plugin PluginServerStatePlugin
[11072:2488:0709/112704:INFO:serviceManager.cpp(857)] plugin PluginServerStatePlugin DoPluginInit
[11072:2488:0709/112704:INFO:serviceManager.cpp(1523)] repository parse over
[11072:2488:0709/112704:INFO:UIManager.cpp(372)] quilib:call set resouce path, path is c:\program files (x86)\iqiyi video\geeplayer\2.5.38.3449\skin
[11072:2488:0709/112705:INFO:UIDlgBuilder.cpp(407)] quilib:create root control failed
[11072:2488:0709/112705:INFO:UIDlgBuilder.cpp(407)] quilib:create root control failed
[11072:2488:0709/112705:INFO:UIDlgBuilder.cpp(407)] quilib:create root control failed
[11072:2488:0709/112705:INFO:UIDlgBuilder.cpp(407)] quilib:create root control failed
[11072:2488:0709/112705:INFO:UIDlgBuilder.cpp(407)] quilib:create root control failed
[11072:2488:0709/112705:INFO:UIDlgBuilder.cpp(407)] quilib:create root control failed
[11072:2488:0709/112707:INFO:AppRunner.cpp(715)] loop exit geeplayer call main plugin DestoryPluginEntry
[11072:2488:0709/112707:INFO:IPlugin.cpp(117)] real plugin mainPlugin call DestroyPlugin
[11072:2488:0709/112707:INFO:IPlugin.cpp(374)] destruct plugin mainPlugin
[11072:2488:0709/112707:INFO:serviceManager.cpp(1608)] mainPlugin plugin had destroy by DestructPlugin
[11072:2488:0709/112707:INFO:serviceManager.cpp(2532)] DestructManager begin
[11072:2488:0709/112707:INFO:IPlugin.cpp(374)] destruct plugin PluginServerStatePlugin
[11072:2488:0709/112707:INFO:IPlugin.cpp(286)] real plugin PluginServerStatePlugin call DestroyPlugin
[11072:2488:0709/112707:INFO:serviceManager.cpp(1608)] PluginServerStatePlugin plugin had destroy by DestructPlugin
[11072:2488:0709/112707:INFO:serviceManager.cpp(2408)] DeleteLeftPlugins begin
[11072:2488:0709/112707:INFO:serviceManager.cpp(2470)] DeleteLeftPlugins end
[11072:2488:0709/112707:INFO:serviceManager.cpp(687)] mainprocessisrunning key is set as 0
[11072:2488:0709/112707:INFO:AppRunner.cpp(730)] close mutex of process geeplayer
[11072:2488:0709/112707:INFO:AppRunner.cpp(738)] run process geeplayer end
