[10960:12248:0709/112033:INFO:AppRunner.cpp(619)] Begin run process geeplayer
[10960:12248:0709/112033:INFO:AppRunner.cpp(623)] ProductName is GeePlayer1
[10960:12248:0709/112033:INFO:AppRunner.cpp(662)] apppluginbase version is 4.3.4.80
[10960:12248:0709/112033:INFO:UIlib.cpp(192)] quilib: version is 4.3.4.78
[10960:12248:0709/112033:INFO:serviceManager.cpp(687)] mainprocessisrunning key is set as 1
[10960:12248:0709/112033:INFO:serviceManager.cpp(800)] create local service plugin PluginServerStatePlugin
[10960:12248:0709/112033:INFO:serviceManager.cpp(857)] plugin PluginServerStatePlugin DoPluginInit
[10960:12248:0709/112033:INFO:serviceManager.cpp(1523)] repository parse over
[10960:12248:0709/112035:INFO:UIManager.cpp(372)] quilib:call set resouce path, path is c:\program files (x86)\iqiyi video\geeplayer\2.5.38.3449\skin
[10960:12248:0709/112035:INFO:UIDlgBuilder.cpp(407)] quilib:create root control failed
[10960:12248:0709/112035:INFO:UIDlgBuilder.cpp(407)] quilib:create root control failed
[10960:12248:0709/112035:INFO:UIDlgBuilder.cpp(407)] quilib:create root control failed
[10960:12248:0709/112035:INFO:UIDlgBuilder.cpp(407)] quilib:create root control failed
[10960:12248:0709/112035:INFO:UIDlgBuilder.cpp(407)] quilib:create root control failed
[10960:12248:0709/112035:INFO:UIDlgBuilder.cpp(407)] quilib:create root control failed
[10960:12248:0709/112041:INFO:AppRunner.cpp(715)] loop exit geeplayer call main plugin DestoryPluginEntry
[10960:12248:0709/112041:INFO:IPlugin.cpp(117)] real plugin mainPlugin call DestroyPlugin
[10960:12248:0709/112041:INFO:IPlugin.cpp(374)] destruct plugin mainPlugin
[10960:12248:0709/112041:INFO:serviceManager.cpp(1608)] mainPlugin plugin had destroy by DestructPlugin
[10960:12248:0709/112041:INFO:serviceManager.cpp(2532)] DestructManager begin
[10960:12248:0709/112041:INFO:IPlugin.cpp(374)] destruct plugin PluginServerStatePlugin
[10960:12248:0709/112041:INFO:IPlugin.cpp(286)] real plugin PluginServerStatePlugin call DestroyPlugin
[10960:12248:0709/112041:INFO:serviceManager.cpp(1608)] PluginServerStatePlugin plugin had destroy by DestructPlugin
[10960:12248:0709/112041:INFO:serviceManager.cpp(2408)] DeleteLeftPlugins begin
[10960:12248:0709/112041:INFO:serviceManager.cpp(2470)] DeleteLeftPlugins end
[10960:12248:0709/112041:INFO:serviceManager.cpp(687)] mainprocessisrunning key is set as 0
[10960:12248:0709/112041:INFO:AppRunner.cpp(730)] close mutex of process geeplayer
[10960:12248:0709/112041:INFO:AppRunner.cpp(738)] run process geeplayer end
[11944:5380:0714/122954:INFO:AppRunner.cpp(619)] Begin run process geeplayer
[11944:5380:0714/122954:INFO:AppRunner.cpp(623)] ProductName is GeePlayer1
[11944:5380:0714/122954:INFO:AppRunner.cpp(662)] apppluginbase version is 4.3.4.80
[11944:5380:0714/122954:INFO:UIlib.cpp(192)] quilib: version is 4.3.4.78
[11944:5380:0714/122954:INFO:serviceManager.cpp(687)] mainprocessisrunning key is set as 1
[11944:5380:0714/122954:INFO:serviceManager.cpp(800)] create local service plugin PluginServerStatePlugin
[11944:5380:0714/122954:INFO:serviceManager.cpp(857)] plugin PluginServerStatePlugin DoPluginInit
[11944:5380:0714/122954:INFO:serviceManager.cpp(1523)] repository parse over
[11944:5380:0714/122955:INFO:UIManager.cpp(372)] quilib:call set resouce path, path is c:\program files (x86)\iqiyi video\geeplayer\2.5.38.3449\skin
[11944:5380:0714/122955:INFO:UIDlgBuilder.cpp(407)] quilib:create root control failed
[11944:5380:0714/122955:INFO:UIDlgBuilder.cpp(407)] quilib:create root control failed
[11944:5380:0714/122955:INFO:UIDlgBuilder.cpp(407)] quilib:create root control failed
[11944:5380:0714/122955:INFO:UIDlgBuilder.cpp(407)] quilib:create root control failed
[11944:5380:0714/122955:INFO:UIDlgBuilder.cpp(407)] quilib:create root control failed
[11944:5380:0714/122955:INFO:UIDlgBuilder.cpp(407)] quilib:create root control failed
[11944:5380:0714/122957:INFO:AppRunner.cpp(715)] loop exit geeplayer call main plugin DestoryPluginEntry
[11944:5380:0714/122957:INFO:IPlugin.cpp(117)] real plugin mainPlugin call DestroyPlugin
[11944:5380:0714/122957:INFO:IPlugin.cpp(374)] destruct plugin mainPlugin
[11944:5380:0714/122957:INFO:serviceManager.cpp(1608)] mainPlugin plugin had destroy by DestructPlugin
[11944:5380:0714/122957:INFO:serviceManager.cpp(2532)] DestructManager begin
[11944:5380:0714/122957:INFO:IPlugin.cpp(374)] destruct plugin PluginServerStatePlugin
[11944:5380:0714/122957:INFO:IPlugin.cpp(286)] real plugin PluginServerStatePlugin call DestroyPlugin
[11944:5380:0714/122957:INFO:serviceManager.cpp(1608)] PluginServerStatePlugin plugin had destroy by DestructPlugin
[11944:5380:0714/122957:INFO:serviceManager.cpp(2408)] DeleteLeftPlugins begin
[11944:5380:0714/122957:INFO:serviceManager.cpp(2470)] DeleteLeftPlugins end
[11944:5380:0714/122957:INFO:serviceManager.cpp(687)] mainprocessisrunning key is set as 0
[11944:5380:0714/122957:INFO:AppRunner.cpp(730)] close mutex of process geeplayer
[11944:5380:0714/122957:INFO:AppRunner.cpp(738)] run process geeplayer end
