[5316:6416:0713/122146:INFO:AppRunner.cpp(619)] Begin run process geeplayer
[5316:6416:0713/122146:INFO:AppRunner.cpp(623)] ProductName is GeePlayer1
[5316:6416:0713/122146:INFO:AppRunner.cpp(662)] apppluginbase version is 4.3.4.80
[5316:6416:0713/122146:INFO:UIlib.cpp(192)] quilib: version is 4.3.4.78
[5316:6416:0713/122146:INFO:serviceManager.cpp(687)] mainprocessisrunning key is set as 1
[5316:6416:0713/122146:INFO:serviceManager.cpp(800)] create local service plugin PluginServerStatePlugin
[5316:6416:0713/122146:INFO:serviceManager.cpp(857)] plugin PluginServerStatePlugin DoPluginInit
[5316:6416:0713/122146:INFO:serviceManager.cpp(1523)] repository parse over
[5316:6416:0713/122146:INFO:UIManager.cpp(372)] quilib:call set resouce path, path is c:\program files (x86)\iqiyi video\geeplayer\2.5.38.3449\skin
[5316:6416:0713/122146:INFO:UIDlgBuilder.cpp(407)] quilib:create root control failed
[5316:6416:0713/122146:INFO:UIDlgBuilder.cpp(407)] quilib:create root control failed
[5316:6416:0713/122146:INFO:UIDlgBuilder.cpp(407)] quilib:create root control failed
[5316:6416:0713/122146:INFO:UIDlgBuilder.cpp(407)] quilib:create root control failed
[5316:6416:0713/122146:INFO:UIDlgBuilder.cpp(407)] quilib:create root control failed
[5316:6416:0713/122146:INFO:UIDlgBuilder.cpp(407)] quilib:create root control failed
[5316:6416:0713/122149:INFO:AppRunner.cpp(715)] loop exit geeplayer call main plugin DestoryPluginEntry
[5316:6416:0713/122149:INFO:IPlugin.cpp(117)] real plugin mainPlugin call DestroyPlugin
[5316:6416:0713/122149:INFO:IPlugin.cpp(374)] destruct plugin mainPlugin
[5316:6416:0713/122149:INFO:serviceManager.cpp(1608)] mainPlugin plugin had destroy by DestructPlugin
[5316:6416:0713/122149:INFO:serviceManager.cpp(2532)] DestructManager begin
[5316:6416:0713/122149:INFO:IPlugin.cpp(374)] destruct plugin PluginServerStatePlugin
[5316:6416:0713/122149:INFO:IPlugin.cpp(286)] real plugin PluginServerStatePlugin call DestroyPlugin
[5316:6416:0713/122149:INFO:serviceManager.cpp(1608)] PluginServerStatePlugin plugin had destroy by DestructPlugin
[5316:6416:0713/122149:INFO:serviceManager.cpp(2408)] DeleteLeftPlugins begin
[5316:6416:0713/122149:INFO:serviceManager.cpp(2470)] DeleteLeftPlugins end
[5316:6416:0713/122149:INFO:serviceManager.cpp(687)] mainprocessisrunning key is set as 0
[5316:6416:0713/122149:INFO:AppRunner.cpp(730)] close mutex of process geeplayer
[5316:6416:0713/122149:INFO:AppRunner.cpp(738)] run process geeplayer end
