[7748:6908:0706/114824:INFO:AppRunner.cpp(619)] Begin run process geeplayer
[7748:6908:0706/114824:INFO:AppRunner.cpp(623)] ProductName is GeePlayer1
[7748:6908:0706/114824:INFO:AppRunner.cpp(662)] apppluginbase version is 4.3.4.80
[7748:6908:0706/114824:INFO:UIlib.cpp(192)] quilib: version is 4.3.4.78
[7748:6908:0706/114824:INFO:serviceManager.cpp(687)] mainprocessisrunning key is set as 1
[7748:6908:0706/114824:INFO:serviceManager.cpp(800)] create local service plugin PluginServerStatePlugin
[7748:6908:0706/114824:INFO:serviceManager.cpp(857)] plugin PluginServerStatePlugin DoPluginInit
[7748:6908:0706/114824:INFO:serviceManager.cpp(1523)] repository parse over
[7748:6908:0706/114824:INFO:UIManager.cpp(372)] quilib:call set resouce path, path is c:\program files (x86)\iqiyi video\geeplayer\2.5.38.3449\skin
[7748:6908:0706/114824:INFO:UIDlgBuilder.cpp(407)] quilib:create root control failed
[7748:6908:0706/114824:INFO:UIDlgBuilder.cpp(407)] quilib:create root control failed
[7748:6908:0706/114824:INFO:UIDlgBuilder.cpp(407)] quilib:create root control failed
[7748:6908:0706/114824:INFO:UIDlgBuilder.cpp(407)] quilib:create root control failed
[7748:6908:0706/114824:INFO:UIDlgBuilder.cpp(407)] quilib:create root control failed
[7748:6908:0706/114824:INFO:UIDlgBuilder.cpp(407)] quilib:create root control failed
[7748:6908:0706/114826:INFO:AppRunner.cpp(715)] loop exit geeplayer call main plugin DestoryPluginEntry
[7748:6908:0706/114826:INFO:IPlugin.cpp(117)] real plugin mainPlugin call DestroyPlugin
[7748:6908:0706/114826:INFO:IPlugin.cpp(374)] destruct plugin mainPlugin
[7748:6908:0706/114826:INFO:serviceManager.cpp(1608)] mainPlugin plugin had destroy by DestructPlugin
[7748:6908:0706/114826:INFO:serviceManager.cpp(2532)] DestructManager begin
[7748:6908:0706/114826:INFO:IPlugin.cpp(374)] destruct plugin PluginServerStatePlugin
[7748:6908:0706/114826:INFO:IPlugin.cpp(286)] real plugin PluginServerStatePlugin call DestroyPlugin
[7748:6908:0706/114826:INFO:serviceManager.cpp(1608)] PluginServerStatePlugin plugin had destroy by DestructPlugin
[7748:6908:0706/114826:INFO:serviceManager.cpp(2408)] DeleteLeftPlugins begin
[7748:6908:0706/114826:INFO:serviceManager.cpp(2470)] DeleteLeftPlugins end
[7748:6908:0706/114826:INFO:serviceManager.cpp(687)] mainprocessisrunning key is set as 0
[7748:6908:0706/114826:INFO:AppRunner.cpp(730)] close mutex of process geeplayer
[7748:6908:0706/114826:INFO:AppRunner.cpp(738)] run process geeplayer end
[10976:5912:0708/143355:INFO:AppRunner.cpp(619)] Begin run process geeplayer
[10976:5912:0708/143355:INFO:AppRunner.cpp(623)] ProductName is GeePlayer1
[10976:5912:0708/143355:INFO:AppRunner.cpp(662)] apppluginbase version is 4.3.4.80
[10976:5912:0708/143355:INFO:UIlib.cpp(192)] quilib: version is 4.3.4.78
[10976:5912:0708/143355:INFO:serviceManager.cpp(687)] mainprocessisrunning key is set as 1
[10976:5912:0708/143355:INFO:serviceManager.cpp(800)] create local service plugin PluginServerStatePlugin
[10976:5912:0708/143355:INFO:serviceManager.cpp(857)] plugin PluginServerStatePlugin DoPluginInit
[10976:5912:0708/143355:INFO:serviceManager.cpp(1523)] repository parse over
[10976:5912:0708/143357:INFO:UIManager.cpp(372)] quilib:call set resouce path, path is c:\program files (x86)\iqiyi video\geeplayer\2.5.38.3449\skin
[10976:5912:0708/143357:INFO:UIDlgBuilder.cpp(407)] quilib:create root control failed
[10976:5912:0708/143357:INFO:UIDlgBuilder.cpp(407)] quilib:create root control failed
[10976:5912:0708/143357:INFO:UIDlgBuilder.cpp(407)] quilib:create root control failed
[10976:5912:0708/143357:INFO:UIDlgBuilder.cpp(407)] quilib:create root control failed
[10976:5912:0708/143357:INFO:UIDlgBuilder.cpp(407)] quilib:create root control failed
[10976:5912:0708/143357:INFO:UIDlgBuilder.cpp(407)] quilib:create root control failed
[10976:5912:0708/143359:INFO:AppRunner.cpp(715)] loop exit geeplayer call main plugin DestoryPluginEntry
[10976:5912:0708/143359:INFO:IPlugin.cpp(117)] real plugin mainPlugin call DestroyPlugin
[10976:5912:0708/143359:INFO:IPlugin.cpp(374)] destruct plugin mainPlugin
[10976:5912:0708/143359:INFO:serviceManager.cpp(1608)] mainPlugin plugin had destroy by DestructPlugin
[10976:5912:0708/143359:INFO:serviceManager.cpp(2532)] DestructManager begin
[10976:5912:0708/143359:INFO:IPlugin.cpp(374)] destruct plugin PluginServerStatePlugin
[10976:5912:0708/143359:INFO:IPlugin.cpp(286)] real plugin PluginServerStatePlugin call DestroyPlugin
[10976:5912:0708/143359:INFO:serviceManager.cpp(1608)] PluginServerStatePlugin plugin had destroy by DestructPlugin
[10976:5912:0708/143359:INFO:serviceManager.cpp(2408)] DeleteLeftPlugins begin
[10976:5912:0708/143359:INFO:serviceManager.cpp(2470)] DeleteLeftPlugins end
[10976:5912:0708/143359:INFO:serviceManager.cpp(687)] mainprocessisrunning key is set as 0
[10976:5912:0708/143359:INFO:AppRunner.cpp(730)] close mutex of process geeplayer
[10976:5912:0708/143359:INFO:AppRunner.cpp(738)] run process geeplayer end
[9996:10592:0712/121220:INFO:AppRunner.cpp(619)] Begin run process geeplayer
[9996:10592:0712/121220:INFO:AppRunner.cpp(623)] ProductName is GeePlayer1
[9996:10592:0712/121220:INFO:AppRunner.cpp(662)] apppluginbase version is 4.3.4.80
[9996:10592:0712/121220:INFO:UIlib.cpp(192)] quilib: version is 4.3.4.78
[9996:10592:0712/121220:INFO:serviceManager.cpp(687)] mainprocessisrunning key is set as 1
[9996:10592:0712/121220:INFO:serviceManager.cpp(800)] create local service plugin PluginServerStatePlugin
[9996:10592:0712/121220:INFO:serviceManager.cpp(857)] plugin PluginServerStatePlugin DoPluginInit
[9996:10592:0712/121220:INFO:serviceManager.cpp(1523)] repository parse over
[9996:10592:0712/121221:INFO:UIManager.cpp(372)] quilib:call set resouce path, path is c:\program files (x86)\iqiyi video\geeplayer\2.5.38.3449\skin
[9996:10592:0712/121221:INFO:UIDlgBuilder.cpp(407)] quilib:create root control failed
[9996:10592:0712/121221:INFO:UIDlgBuilder.cpp(407)] quilib:create root control failed
[9996:10592:0712/121221:INFO:UIDlgBuilder.cpp(407)] quilib:create root control failed
[9996:10592:0712/121221:INFO:UIDlgBuilder.cpp(407)] quilib:create root control failed
[9996:10592:0712/121221:INFO:UIDlgBuilder.cpp(407)] quilib:create root control failed
[9996:10592:0712/121221:INFO:UIDlgBuilder.cpp(407)] quilib:create root control failed
[9996:10592:0712/121222:INFO:AppRunner.cpp(715)] loop exit geeplayer call main plugin DestoryPluginEntry
[9996:10592:0712/121222:INFO:IPlugin.cpp(117)] real plugin mainPlugin call DestroyPlugin
[9996:10592:0712/121222:INFO:IPlugin.cpp(374)] destruct plugin mainPlugin
[9996:10592:0712/121222:INFO:serviceManager.cpp(1608)] mainPlugin plugin had destroy by DestructPlugin
[9996:10592:0712/121222:INFO:serviceManager.cpp(2532)] DestructManager begin
[9996:10592:0712/121222:INFO:IPlugin.cpp(374)] destruct plugin PluginServerStatePlugin
[9996:10592:0712/121222:INFO:IPlugin.cpp(286)] real plugin PluginServerStatePlugin call DestroyPlugin
[9996:10592:0712/121222:INFO:serviceManager.cpp(1608)] PluginServerStatePlugin plugin had destroy by DestructPlugin
[9996:10592:0712/121222:INFO:serviceManager.cpp(2408)] DeleteLeftPlugins begin
[9996:10592:0712/121222:INFO:serviceManager.cpp(2470)] DeleteLeftPlugins end
[9996:10592:0712/121222:INFO:serviceManager.cpp(687)] mainprocessisrunning key is set as 0
[9996:10592:0712/121222:INFO:AppRunner.cpp(730)] close mutex of process geeplayer
[9996:10592:0712/121222:INFO:AppRunner.cpp(738)] run process geeplayer end
